-------------------------------------------
|                Classe A                 |
-------------------------------------------
 - Lluc:                               1.17
 - Claudia:                            3.00
 - Cristina:                          -0.17
 - Esteve:                             2.67
 - Maria:                              2.17
 - Joan:                               2.67
-------------------------------------------
 - Total de la classe:                11.50
-------------------------------------------

-------------------------------------------
|                Classe B                 |
-------------------------------------------
 - Josep:                              1.33
 - Manel:                              3.67
 - Anna:                               1.67
 - Eva:                                3.67
 - Julia:                              0.33
 - Eulalia:                            1.67
-------------------------------------------
 - Total de la classe:                12.33
-------------------------------------------

-------------------------------------------
 - Puntuació global:                  23.83
-------------------------------------------

